<?xml version="1.0" encoding="UTF-8"?>
<testsuite xmlns:xsi="http://www.w3.org/2001/XMLSchema-instance" xsi:noNamespaceSchemaLocation="https://maven.apache.org/surefire/maven-surefire-plugin/xsd/surefire-test-report-3.0.xsd" version="3.0" name="TestSuite" time="11.783" tests="2" errors="0" skipped="0" failures="2">
  <properties>
[...]
</properties>
  <testcase name="loginOK" classname="com.crowdar.test.session.Login_Successful" time="4.823">
    <failure message="expected [true] but found [false]" type="java.lang.AssertionError"><![CDATA[java.lang.AssertionError: expected [true] but found [false]
	at com.crowdar.test.session.Login_Successful.loginOK(Login_Successful.java:22)
]]></failure>
    <system-out><![CDATA[Es chrome: true
The name of the testcase failed is :loginOK
]]></system-out>
    <system-err><![CDATA[SLF4J: Failed to load class "org.slf4j.impl.StaticLoggerBinder".
SLF4J: Defaulting to no-operation (NOP) logger implementation
SLF4J: See http://www.slf4j.org/codes.html#StaticLoggerBinder for further details.
Starting ChromeDriver 113.0.5672.63 (0e1a4471d5ae5bf128b1bd8f4d627c8cbd55f70c-refs/branch-heads/5672@{#912}) on port 44382
Only local connections are allowed.
Please see https://chromedriver.chromium.org/security-considerations for suggestions on keeping ChromeDriver safe.
ChromeDriver was started successfully.
[1688414188.540][WARNING]: This version of ChromeDriver has not been tested with Chrome version 114.
jul. 03, 2023 2:56:29 P.?M. org.openqa.selenium.remote.ProtocolHandshake createSession
INFO: Detected dialect: W3C
]]></system-err>
  </testcase>
  <testcase name="cleanUp" classname="com.crowdar.test.session.Login_Successful" time="5.406">
    <failure message="Cannot invoke &quot;org.openqa.selenium.WebDriver.close()&quot; because the return value of &quot;com.crowdar.utils.AutoTool.getDriver()&quot; is null" type="java.lang.NullPointerException"><![CDATA[java.lang.NullPointerException: Cannot invoke "org.openqa.selenium.WebDriver.close()" because the return value of "com.crowdar.utils.AutoTool.getDriver()" is null
]]></failure>
  </testcase>
</testsuite>